Removed Pin From Net: NetName=GPIO4 (GPCLK0) Pin=J1-4
Removed Pin From Net: NetName=GND Pin=J1-5
Removed Pin From Net: NetName=GPIO17 Pin=J1-6
Removed Pin From Net: NetName=GPIO27 Pin=J1-7
Removed Pin From Net: NetName=GPIO22 Pin=J1-8
Removed Pin From Net: NetName=+3.3V Pin=J1-9
Removed Pin From Net: NetName=GPIO10 (MOSI) Pin=J1-10
Removed Pin From Net: NetName=+5V Pin=J2-1
Removed Pin From Net: NetName=+5V Pin=J2-2
Removed Pin From Net: NetName=GND Pin=J2-3
Removed Pin From Net: NetName=DIN/CONFIG Pin=J2-4
Removed Pin From Net: NetName=DOUT Pin=J2-5
Removed Pin From Net: NetName=GPIO18 (PCM_CLK) Pin=J2-6
Removed Pin From Net: NetName=GND Pin=J2-7
Removed Pin From Net: NetName=GPIO23 Pin=J2-8
Removed Pin From Net: NetName=GPIO24 Pin=J2-9
Removed Pin From Net: NetName=GND Pin=J2-10
Removed Pin From Net: NetName=GPIO9 (MISO) Pin=J3-1
Removed Pin From Net: NetName=GPIO11 (SCLK) Pin=J3-2
Removed Pin From Net: NetName=GND Pin=J3-3
Removed Pin From Net: NetName=GPIO0 (ID_SD) Pin=J3-4
Removed Pin From Net: NetName=GPIO5 Pin=J3-5
Removed Pin From Net: NetName=GPIO6 Pin=J3-6
Removed Pin From Net: NetName=GPIO13 Pin=J3-7
Removed Pin From Net: NetName=GPIO19 Pin=J3-8
Removed Pin From Net: NetName=GPIO26 Pin=J3-9
Removed Pin From Net: NetName=GND Pin=J3-10
Removed Pin From Net: NetName=GPIO25 Pin=J4-1
Removed Pin From Net: NetName=GPIO8 (CE0_N) Pin=J4-2
Removed Pin From Net: NetName=GPIO7 (CE1_N) Pin=J4-3
Removed Pin From Net: NetName=GPIO1 (ID_SD) Pin=J4-4
Removed Pin From Net: NetName=GND Pin=J4-5
Removed Pin From Net: NetName=GPIO12 (PWM0) Pin=J4-6
Removed Pin From Net: NetName=GND Pin=J4-7
Removed Pin From Net: NetName=GPIO16 Pin=J4-8
Removed Pin From Net: NetName=GPIO20 (PCM_DIN) Pin=J4-9
Removed Pin From Net: NetName=GPIO21 (PCM_DOUT) Pin=J4-10
Removed Member From Class: ClassName=Smart_OBD Member=J2
Removed Member From Class: ClassName=Smart_OBD Member=J3
Removed Member From Class: ClassName=Smart_OBD Member=J4
Change Component Footprint: Designator=J1 Old Footprint=PBS10 Arduino New Footprint=PBD 2x20
Change Component Comment : Designator=J1 Old Comment=Conn1x10 New Comment=Conn2x20
Change component parameters: Designator = "J1" ("J1"); Footprint = "PBS10 Arduino"; UniqueID = "\JDCKNUJN" ("\JDCKNUJN")
Change component parameters (AddParameter): Name = "ComponentLink1Description"; Value = "Chip&Dip"; VariantName = "[No Variations]"
Change component parameters (AddParameter): Name = "ComponentLink1URL"; Value = "https://www.chipdip.ru/product/pbd-40"; VariantName = "[No Variations]"
Change component parameters (AddParameter): Name = "Manufacturer"; Value = "Ningbo connfly electronic"; VariantName = "[No Variations]"
Change component parameters (AddParameter): Name = "Part Number"; Value = "DS1023-2*20S21"; VariantName = "[No Variations]"
Change component parameters (AddParameter): Name = "Type"; Value = "Connector"; VariantName = "[No Variations]"
Added Component: Designator=C1(Bar Cap 5x5.4)
Add component (AddParameter): Name = "ComponentLink1Description"; Value = "Chip&Dip"; VariantName = "[No Variations]"
Add component (AddParameter): Name = "ComponentLink1URL"; Value = "https://www.chipdip.ru/product0/884555856"; VariantName = "[No Variations]"
Add component (AddParameter): Name = "Manufacturer"; Value = "China"; VariantName = "[No Variations]"
Add component (AddParameter): Name = "Part Number"; Value = "ECAPSMD10uF/35V"; VariantName = "[No Variations]"
Add component (AddParameter): Name = "Type"; Value = "Capacitor"; VariantName = "[No Variations]"
Added Component: Designator=D1(SMA)
Add component (AddParameter): Name = "ComponentLink1Description"; Value = "DataSheet"; VariantName = "[No Variations]"
Add component (AddParameter): Name = "ComponentLink1URL"; Value = "https://static.chipdip.ru/lib/652/DOC001652710.pdf"; VariantName = "[No Variations]"
Add component (AddParameter): Name = "ComponentLink2Description"; Value = "Chip&Dip"; VariantName = "[No Variations]"
Add component (AddParameter): Name = "ComponentLink2URL"; Value = "https://www.chipdip.ru/product/b340a-e3-61t-2"; VariantName = "[No Variations]"
Add component (AddParameter): Name = "Manufacturer"; Value = "Vishay"; VariantName = "[No Variations]"
Add component (AddParameter): Name = "Part Number"; Value = "B340A-E3/61T"; VariantName = "[No Variations]"
Add component (AddParameter): Name = "Type"; Value = "Diode"; VariantName = "[No Variations]"
Added Component: Designator=D3(SMA)
Add component (AddParameter): Name = "ComponentLink1Description"; Value = "DataSheet"; VariantName = "[No Variations]"
Add component (AddParameter): Name = "ComponentLink1URL"; Value = "https://static.chipdip.ru/lib/652/DOC001652710.pdf"; VariantName = "[No Variations]"
Add component (AddParameter): Name = "ComponentLink2Description"; Value = "Chip&Dip"; VariantName = "[No Variations]"
Add component (AddParameter): Name = "ComponentLink2URL"; Value = "https://www.chipdip.ru/product/b340a-e3-61t-2"; VariantName = "[No Variations]"
Add component (AddParameter): Name = "Manufacturer"; Value = "Vishay"; VariantName = "[No Variations]"
Add component (AddParameter): Name = "Part Number"; Value = "B340A-E3/61T"; VariantName = "[No Variations]"
Add component (AddParameter): Name = "Type"; Value = "Diode"; VariantName = "[No Variations]"
Added Component: Designator=D7(0805 LED)
Add component (AddParameter): Name = "ComponentLink1Description"; Value = "Chip&Dip"; VariantName = "[No Variations]"
Add component (AddParameter): Name = "ComponentLink1URL"; Value = "https://www.chipdip.ru/product/to-1608bc-myf"; VariantName = "[No Variations]"
Add component (AddParameter): Name = "Manufacturer"; Value = "Taiwan Oasis Technology"; VariantName = "[No Variations]"
Add component (AddParameter): Name = "Part Number"; Value = "TO-1608BC-MYF"; VariantName = "[No Variations]"
Add component (AddParameter): Name = "Type"; Value = "Diode"; VariantName = "[No Variations]"
Added Component: Designator=R12(0603 Resistor)
Add component (AddParameter): Name = "ComponentLink1Description"; Value = "Chip&Dip"; VariantName = "[No Variations]"
Add component (AddParameter): Name = "ComponentLink1URL"; Value = "https://www.chipdip.ru/product0/9000079669"; VariantName = "[No Variations]"
Add component (AddParameter): Name = "Manufacturer"; Value = "Taiwan"; VariantName = "[No Variations]"
Add component (AddParameter): Name = "Part Number"; Value = "RC0603FR-07510RL"; VariantName = "[No Variations]"
Add component (AddParameter): Name = "Type"; Value = "Resistor"; VariantName = "[No Variations]"
Added Component: Designator=U1(DC-DC)
Added Pin To Net: NetName=GND Pin=C1-1
Added Pin To Net: NetName=NetC1_2 Pin=C1-2
Added Pin To Net: NetName=+12V Pin=D1-1
Added Pin To Net: NetName=NetC1_2 Pin=D1-2
Added Pin To Net: NetName=NetC2_2 Pin=D3-1
Added Pin To Net: NetName=+5V Pin=D3-2
Added Pin To Net: NetName=GPIO13 Pin=D7-1
Added Pin To Net: NetName=+5V Pin=J1-2
Added Pin To Net: NetName=+5V Pin=J1-4
Added Pin To Net: NetName=GND Pin=J1-6
Added Pin To Net: NetName=GPIO4 (GPCLK0) Pin=J1-7
Added Pin To Net: NetName=DIN/CONFIG Pin=J1-8
Added Pin To Net: NetName=GND Pin=J1-9
Added Pin To Net: NetName=DOUT Pin=J1-10
Added Pin To Net: NetName=GPIO17 Pin=J1-11
Added Pin To Net: NetName=GPIO18 (PCM_CLK) Pin=J1-12
Added Pin To Net: NetName=GPIO27 Pin=J1-13
Added Pin To Net: NetName=GND Pin=J1-14
Added Pin To Net: NetName=GPIO22 Pin=J1-15
Added Pin To Net: NetName=GPIO23 Pin=J1-16
Added Pin To Net: NetName=+3.3V Pin=J1-17
Added Pin To Net: NetName=GPIO24 Pin=J1-18
Added Pin To Net: NetName=GPIO10 (MOSI) Pin=J1-19
Added Pin To Net: NetName=GND Pin=J1-20
Added Pin To Net: NetName=GPIO9 (MISO) Pin=J1-21
Added Pin To Net: NetName=GPIO25 Pin=J1-22
Added Pin To Net: NetName=GPIO11 (SCLK) Pin=J1-23
Added Pin To Net: NetName=GPIO8 (CE0_N) Pin=J1-24
Added Pin To Net: NetName=GND Pin=J1-25
Added Pin To Net: NetName=GPIO7 (CE1_N) Pin=J1-26
Added Pin To Net: NetName=GPIO0 (ID_SD) Pin=J1-27
Added Pin To Net: NetName=GPIO1 (ID_SD) Pin=J1-28
Added Pin To Net: NetName=GPIO5 Pin=J1-29
Added Pin To Net: NetName=GND Pin=J1-30
Added Pin To Net: NetName=GPIO6 Pin=J1-31
Added Pin To Net: NetName=GPIO12 (PWM0) Pin=J1-32
Added Pin To Net: NetName=GPIO13 Pin=J1-33
Added Pin To Net: NetName=GND Pin=J1-34
Added Pin To Net: NetName=GPIO19 Pin=J1-35
Added Pin To Net: NetName=GPIO16 Pin=J1-36
Added Pin To Net: NetName=GPIO26 Pin=J1-37
Added Pin To Net: NetName=GPIO20 (PCM_DIN) Pin=J1-38
Added Pin To Net: NetName=GND Pin=J1-39
Added Pin To Net: NetName=GPIO21 (PCM_DOUT) Pin=J1-40
Added Pin To Net: NetName=GND Pin=R12-2
Added Pin To Net: NetName=GND Pin=U1-1
Added Pin To Net: NetName=NetC1_2 Pin=U1-2
Added Pin To Net: NetName=GND Pin=U1-3
Added Pin To Net: NetName=NetC2_2 Pin=U1-4
Change Net Name : Old Net Name=GPIO3 (SCL) New Net Name=GPIO2 (SDA)
Change Net Name : Old Net Name=NetC2_2 New Net Name=NetD3_1
Added Pin To Net: NetName=GPIO3 (SCL) Pin=J1-5
Added Net: Name=GPIO3 (SCL)
Added Pin To Net: NetName=NetD7_2 Pin=D7-2
Added Pin To Net: NetName=NetD7_2 Pin=R12-1
Added Net: Name=NetD7_2
Added Member To Class: ClassName=Smart_OBD Member=Component C1 10uF
Added Member To Class: ClassName=Smart_OBD Member=Component D1 Diode
Added Member To Class: ClassName=Smart_OBD Member=Component D3 Diode
Added Member To Class: ClassName=Smart_OBD Member=Component D7 LedY
Added Member To Class: ClassName=Smart_OBD Member=Component R12 510R
Added Member To Class: ClassName=Smart_OBD Member=Component U1 DC/DC
