Removed Pin From Net: NetName=DIN/CONFIG Pin=J1-7
Removed Pin From Net: NetName=DOUT Pin=J1-9
Added Component: Designator=Use_Uart_RX(HDR1X2)
Add component (AddParameter): Name = "LatestRevisionDate"; Value = "17-Jul-2002"; VariantName = "[No Variations]"
Add component (AddParameter): Name = "LatestRevisionNote"; Value = "Re-released for DXP Platform."; VariantName = "[No Variations]"
Add component (AddParameter): Name = "Publisher"; Value = "Altium Limited"; VariantName = "[No Variations]"
Added Component: Designator=Use_Uart_TX(HDR1X2)
Add component (AddParameter): Name = "LatestRevisionDate"; Value = "17-Jul-2002"; VariantName = "[No Variations]"
Add component (AddParameter): Name = "LatestRevisionNote"; Value = "Re-released for DXP Platform."; VariantName = "[No Variations]"
Add component (AddParameter): Name = "Publisher"; Value = "Altium Limited"; VariantName = "[No Variations]"
Added Pin To Net: NetName=AD1/DIO1 Pin=J1-31
Added Pin To Net: NetName=AD3/DIO3 Pin=J1-35
Added Pin To Net: NetName=DIO12/SPI_MISO Pin=J1-36
Added Pin To Net: NetName=DIO14 Pin=J1-37
Added Pin To Net: NetName=AD2/DIO2 Pin=J1-39
Added Pin To Net: NetName=DOUT Pin=Use_Uart_RX-2
Added Pin To Net: NetName=DIN/CONFIG Pin=Use_Uart_TX-1
Added Pin To Net: NetName=GPIO14 (TXD) Pin=J1-7
Added Pin To Net: NetName=GPIO14 (TXD) Pin=Use_Uart_TX-2
Added Net: Name=GPIO14 (TXD)
Added Pin To Net: NetName=GPIO15 (RXD) Pin=J1-9
Added Pin To Net: NetName=GPIO15 (RXD) Pin=Use_Uart_RX-1
Added Net: Name=GPIO15 (RXD)
Added Member To Class: ClassName=Smart_OBD Member=Component Use_Uart_RX Header
Added Member To Class: ClassName=Smart_OBD Member=Component Use_Uart_TX Header
