Replace Part C1 Cap Tantal 10uF (SMDA) in D:\GitHub\Future\Smart_OBD\Smart_OBD.SchDoc with Cap Tantal 10uF (SMDA) from Karen_Components.IntLib
Replace Part C2 Cap Tantal 22uF (SMDC) in D:\GitHub\Future\Smart_OBD\Smart_OBD.SchDoc with Cap Tantal 22uF (SMDC) from Karen_Components.IntLib
Replace Part C3 Cap 10uF (0603) in D:\GitHub\Future\Smart_OBD\Smart_OBD.SchDoc with Cap 10uF (0603) from Karen_Components.IntLib
Replace Part C4 Cap 0.1uF (0603) in D:\GitHub\Future\Smart_OBD\Smart_OBD.SchDoc with Cap 0.1uF (0603) from Karen_Components.IntLib
Replace Part C5 Cap 0.1uF (0603) in D:\GitHub\Future\Smart_OBD\Smart_OBD.SchDoc with Cap 0.1uF (0603) from Karen_Components.IntLib
Replace Part C6 Cap 10nF (0603) in D:\GitHub\Future\Smart_OBD\Smart_OBD.SchDoc with Cap 10nF (0603) from Karen_Components.IntLib
Replace Part C7 Cap 0.1uF (0603) in D:\GitHub\Future\Smart_OBD\Smart_OBD.SchDoc with Cap 0.1uF (0603) from Karen_Components.IntLib
Replace Part C? Cap 470pF (0603) in D:\GitHub\Future\Smart_OBD\Smart_OBD.SchDoc with Cap 470pF (0603) from Karen_Components.IntLib
Replace Part C? Cap Tantal 22uF (SMDC) in D:\GitHub\Future\Smart_OBD\Smart_OBD.SchDoc with Cap Tantal 22uF (SMDC) from Karen_Components.IntLib
Replace Part C? Cap 2.2uF (0603) in D:\GitHub\Future\Smart_OBD\Smart_OBD.SchDoc with Cap 2.2uF (0603) from Karen_Components.IntLib
Replace Part D1 Diode Schottky (SMA) in D:\GitHub\Future\Smart_OBD\Smart_OBD.SchDoc with Diode Schottky (SMA) from Karen_Components.IntLib
Replace Part D? Diode Schottky (SOD-123) in D:\GitHub\Future\Smart_OBD\Smart_OBD.SchDoc with Diode Schottky (SOD-123) from Karen_Components.IntLib
Replace Part J1 Conn1x10 (PBS_Long) in D:\GitHub\Future\Smart_OBD\Smart_OBD.SchDoc with Conn1x10 (PBS_Long) from Karen_Components.IntLib
Replace Part J2 Conn1x10 (PBS_Long) in D:\GitHub\Future\Smart_OBD\Smart_OBD.SchDoc with Conn1x10 (PBS_Long) from Karen_Components.IntLib
Replace Part J3 Conn1x10 (PBS_Long) in D:\GitHub\Future\Smart_OBD\Smart_OBD.SchDoc with Conn1x10 (PBS_Long) from Karen_Components.IntLib
Replace Part J4 Conn1x10 (PBS_Long) in D:\GitHub\Future\Smart_OBD\Smart_OBD.SchDoc with Conn1x10 (PBS_Long) from Karen_Components.IntLib
Replace Part J5 Conn1x10 (PBS2) in D:\GitHub\Future\Smart_OBD\Smart_OBD.SchDoc with Conn1x10 (PBS2) from Karen_Components.IntLib
Replace Part J6 Conn1x10 (PBS2) in D:\GitHub\Future\Smart_OBD\Smart_OBD.SchDoc with Conn1x10 (PBS2) from Karen_Components.IntLib
Replace Part J? Connector MicroUSB in D:\GitHub\Future\Smart_OBD\Smart_OBD.SchDoc with Connector MicroUSB from Karen_Components.IntLib
Replace Part L? Inductor 6.8uH (4.2A) in D:\GitHub\Future\Smart_OBD\Smart_OBD.SchDoc with Inductor 6.8uH (4.2A) from Karen_Components.IntLib
Replace Part Li-Po Header 2 in D:\GitHub\Future\Smart_OBD\Smart_OBD.SchDoc with Header 2 from Miscellaneous Connectors.IntLib
Replace Part OBD Header 4 in D:\GitHub\Future\Smart_OBD\Smart_OBD.SchDoc with Header 4 from Miscellaneous Connectors.IntLib
Replace Part R? Res 510R (0603) in D:\GitHub\Future\Smart_OBD\Smart_OBD.SchDoc with Res 510R (0603) from Karen_Components.IntLib
Replace Part R? Res 43k (0603) in D:\GitHub\Future\Smart_OBD\Smart_OBD.SchDoc with Res 43k (0603) from Karen_Components.IntLib
Replace Part R? Res 15k (0603) in D:\GitHub\Future\Smart_OBD\Smart_OBD.SchDoc with Res 15k (0603) from Karen_Components.IntLib
Replace Part U1 LDO 5V [LM] in D:\GitHub\Future\Smart_OBD\Smart_OBD.SchDoc with LDO 5V [LM] from Karen_Components.IntLib
Replace Part U2 MEMs 9 Axis in D:\GitHub\Future\Smart_OBD\Smart_OBD.SchDoc with MEMs 9 Axis from Karen_Components.IntLib
Replace Part U? Charger [PW829] in D:\GitHub\Future\Smart_OBD\Smart_OBD.SchDoc with Charger [PW829] from Karen_Components.IntLib
Replace Part U? DC/DC Controller [LM2731] in D:\GitHub\Future\Smart_OBD\Smart_OBD.SchDoc with DC/DC Controller [LM2731] from Karen_Components.IntLib
